[ 2018-07-28T14:57:04+08:00 ] 123.52.72.178 /nc.php
INFO: [ app_init ] --START--
INFO: Run Behavior\BuildLiteBehavior [ RunTime:0.000009s ]
INFO: [ app_init ] --END-- [ RunTime:0.000041s ]
INFO: [ app_begin ] --START--
INFO: Run Behavior\ReadHtmlCacheBehavior [ RunTime:0.000262s ]
INFO: Run Common\Behavior\CheckLangBehavior [ RunTime:0.000647s ]
NOTIC: [8] Constant LANG_SET already defined /www/wwwroot/ypay.fanglao.vip/ThinkPHP/Library/Behavior/CheckLangBehavior.class.php 第 55 行.
INFO: Run Behavior\CheckLangBehavior [ RunTime:0.000637s ]
INFO: [ app_begin ] --END-- [ RunTime:0.001631s ]

[ 2018-07-28T14:57:04+08:00 ] 123.52.72.178 /nc.php?s=/Public/login.html
INFO: [ app_init ] --START--
INFO: Run Behavior\BuildLiteBehavior [ RunTime:0.000008s ]
INFO: [ app_init ] --END-- [ RunTime:0.000037s ]
INFO: [ app_begin ] --START--
INFO: Run Behavior\ReadHtmlCacheBehavior [ RunTime:0.000287s ]
INFO: Run Common\Behavior\CheckLangBehavior [ RunTime:0.000607s ]
NOTIC: [8] Constant LANG_SET already defined /www/wwwroot/ypay.fanglao.vip/ThinkPHP/Library/Behavior/CheckLangBehavior.class.php 第 55 行.
INFO: Run Behavior\CheckLangBehavior [ RunTime:0.000566s ]
INFO: [ app_begin ] --END-- [ RunTime:0.001532s ]
INFO: [ view_parse ] --START--
INFO: [ template_filter ] --START--
INFO: Run Behavior\ContentReplaceBehavior [ RunTime:0.000038s ]
INFO: [ template_filter ] --END-- [ RunTime:0.000066s ]
INFO: Run Behavior\ParseTemplateBehavior [ RunTime:0.002994s ]
INFO: [ view_parse ] --END-- [ RunTime:0.003020s ]
INFO: [ view_filter ] --START--
INFO: Run Behavior\WriteHtmlCacheBehavior [ RunTime:0.000086s ]
INFO: [ view_filter ] --END-- [ RunTime:0.000106s ]
INFO: [ app_end ] --START--
INFO: Run Behavior\ShowPageTraceBehavior [ RunTime:0.000292s ]
INFO: [ app_end ] --END-- [ RunTime:0.000314s ]

[ 2018-07-28T14:57:09+08:00 ] 123.52.72.178 /nc.php?s=/Public/login.html
INFO: [ app_init ] --START--
INFO: Run Behavior\BuildLiteBehavior [ RunTime:0.000009s ]
INFO: [ app_init ] --END-- [ RunTime:0.000042s ]
INFO: [ app_begin ] --START--
INFO: Run Behavior\ReadHtmlCacheBehavior [ RunTime:0.000301s ]
INFO: Run Common\Behavior\CheckLangBehavior [ RunTime:0.000621s ]
NOTIC: [8] Constant LANG_SET already defined /www/wwwroot/ypay.fanglao.vip/ThinkPHP/Library/Behavior/CheckLangBehavior.class.php 第 55 行.
INFO: Run Behavior\CheckLangBehavior [ RunTime:0.000642s ]
INFO: [ app_begin ] --END-- [ RunTime:0.001633s ]
SQL: SHOW COLUMNS FROM `nc_admin` [ RunTime:0.0004s ]
SQL: SELECT * FROM `nc_admin` WHERE `a_uname` = 'admin' LIMIT 1   [ RunTime:0.0002s ]

[ 2018-07-28T14:57:19+08:00 ] 123.52.72.178 /nc.php?s=/Public/login.html
INFO: [ app_init ] --START--
INFO: Run Behavior\BuildLiteBehavior [ RunTime:0.000008s ]
INFO: [ app_init ] --END-- [ RunTime:0.000043s ]
INFO: [ app_begin ] --START--
INFO: Run Behavior\ReadHtmlCacheBehavior [ RunTime:0.000264s ]
INFO: Run Common\Behavior\CheckLangBehavior [ RunTime:0.000650s ]
NOTIC: [8] Constant LANG_SET already defined /www/wwwroot/ypay.fanglao.vip/ThinkPHP/Library/Behavior/CheckLangBehavior.class.php 第 55 行.
INFO: Run Behavior\CheckLangBehavior [ RunTime:0.000593s ]
INFO: [ app_begin ] --END-- [ RunTime:0.001574s ]
SQL: SHOW COLUMNS FROM `nc_admin` [ RunTime:0.0005s ]
SQL: SELECT * FROM `nc_admin` WHERE `a_uname` = 'admin' LIMIT 1   [ RunTime:0.0002s ]

[ 2018-07-28T14:57:20+08:00 ] 123.52.72.178 /nc.php?s=/Public/login.html
INFO: [ app_init ] --START--
INFO: Run Behavior\BuildLiteBehavior [ RunTime:0.000008s ]
INFO: [ app_init ] --END-- [ RunTime:0.000039s ]
INFO: [ app_begin ] --START--
INFO: Run Behavior\ReadHtmlCacheBehavior [ RunTime:0.000277s ]
INFO: Run Common\Behavior\CheckLangBehavior [ RunTime:0.000612s ]
NOTIC: [8] Constant LANG_SET already defined /www/wwwroot/ypay.fanglao.vip/ThinkPHP/Library/Behavior/CheckLangBehavior.class.php 第 55 行.
INFO: Run Behavior\CheckLangBehavior [ RunTime:0.000576s ]
INFO: [ app_begin ] --END-- [ RunTime:0.001541s ]
SQL: SHOW COLUMNS FROM `nc_admin` [ RunTime:0.0005s ]
SQL: SELECT * FROM `nc_admin` WHERE `a_uname` = 'admin' LIMIT 1   [ RunTime:0.0002s ]

[ 2018-07-28T14:57:32+08:00 ] 123.52.72.178 /nc.php?s=/Public/login.html
INFO: [ app_init ] --START--
INFO: Run Behavior\BuildLiteBehavior [ RunTime:0.000010s ]
INFO: [ app_init ] --END-- [ RunTime:0.000043s ]
INFO: [ app_begin ] --START--
INFO: Run Behavior\ReadHtmlCacheBehavior [ RunTime:0.000266s ]
INFO: Run Common\Behavior\CheckLangBehavior [ RunTime:0.000660s ]
NOTIC: [8] Constant LANG_SET already defined /www/wwwroot/ypay.fanglao.vip/ThinkPHP/Library/Behavior/CheckLangBehavior.class.php 第 55 行.
INFO: Run Behavior\CheckLangBehavior [ RunTime:0.000581s ]
INFO: [ app_begin ] --END-- [ RunTime:0.001580s ]
SQL: SHOW COLUMNS FROM `nc_admin` [ RunTime:0.0005s ]
SQL: SELECT * FROM `nc_admin` WHERE `a_uname` = 'admin' LIMIT 1   [ RunTime:0.0002s ]

[ 2018-07-28T15:02:45+08:00 ] 123.52.72.178 /nc.php?s=/Public/login.html
INFO: [ app_init ] --START--
INFO: Run Behavior\BuildLiteBehavior [ RunTime:0.000008s ]
INFO: [ app_init ] --END-- [ RunTime:0.000043s ]
INFO: [ app_begin ] --START--
INFO: Run Behavior\ReadHtmlCacheBehavior [ RunTime:0.000270s ]
INFO: Run Common\Behavior\CheckLangBehavior [ RunTime:0.000632s ]
NOTIC: [8] Constant LANG_SET already defined /www/wwwroot/ypay.fanglao.vip/ThinkPHP/Library/Behavior/CheckLangBehavior.class.php 第 55 行.
INFO: Run Behavior\CheckLangBehavior [ RunTime:0.000592s ]
INFO: [ app_begin ] --END-- [ RunTime:0.001558s ]
SQL: SHOW COLUMNS FROM `nc_admin` [ RunTime:0.0005s ]
SQL: SELECT * FROM `nc_admin` WHERE `a_uname` = 'admin' LIMIT 1   [ RunTime:0.0002s ]

[ 2018-07-28T15:02:46+08:00 ] 123.52.72.178 /nc.php?s=/Public/login.html
INFO: [ app_init ] --START--
INFO: Run Behavior\BuildLiteBehavior [ RunTime:0.000009s ]
INFO: [ app_init ] --END-- [ RunTime:0.000042s ]
INFO: [ app_begin ] --START--
INFO: Run Behavior\ReadHtmlCacheBehavior [ RunTime:0.000270s ]
INFO: Run Common\Behavior\CheckLangBehavior [ RunTime:0.000665s ]
NOTIC: [8] Constant LANG_SET already defined /www/wwwroot/ypay.fanglao.vip/ThinkPHP/Library/Behavior/CheckLangBehavior.class.php 第 55 行.
INFO: Run Behavior\CheckLangBehavior [ RunTime:0.000581s ]
INFO: [ app_begin ] --END-- [ RunTime:0.001605s ]
SQL: SHOW COLUMNS FROM `nc_admin` [ RunTime:0.0005s ]
SQL: SELECT * FROM `nc_admin` WHERE `a_uname` = 'admin' LIMIT 1   [ RunTime:0.0002s ]

[ 2018-07-28T15:02:46+08:00 ] 123.52.72.178 /nc.php?s=/Public/login.html
INFO: [ app_init ] --START--
INFO: Run Behavior\BuildLiteBehavior [ RunTime:0.000008s ]
INFO: [ app_init ] --END-- [ RunTime:0.000041s ]
INFO: [ app_begin ] --START--
INFO: Run Behavior\ReadHtmlCacheBehavior [ RunTime:0.000284s ]
INFO: Run Common\Behavior\CheckLangBehavior [ RunTime:0.000611s ]
NOTIC: [8] Constant LANG_SET already defined /www/wwwroot/ypay.fanglao.vip/ThinkPHP/Library/Behavior/CheckLangBehavior.class.php 第 55 行.
INFO: Run Behavior\CheckLangBehavior [ RunTime:0.000607s ]
INFO: [ app_begin ] --END-- [ RunTime:0.001569s ]
SQL: SHOW COLUMNS FROM `nc_admin` [ RunTime:0.0004s ]
SQL: SELECT * FROM `nc_admin` WHERE `a_uname` = 'admin' LIMIT 1   [ RunTime:0.0002s ]

[ 2018-07-28T15:02:46+08:00 ] 123.52.72.178 /nc.php?s=/Public/login.html
INFO: [ app_init ] --START--
INFO: Run Behavior\BuildLiteBehavior [ RunTime:0.000008s ]
INFO: [ app_init ] --END-- [ RunTime:0.000040s ]
INFO: [ app_begin ] --START--
INFO: Run Behavior\ReadHtmlCacheBehavior [ RunTime:0.000268s ]
INFO: Run Common\Behavior\CheckLangBehavior [ RunTime:0.000657s ]
NOTIC: [8] Constant LANG_SET already defined /www/wwwroot/ypay.fanglao.vip/ThinkPHP/Library/Behavior/CheckLangBehavior.class.php 第 55 行.
INFO: Run Behavior\CheckLangBehavior [ RunTime:0.000584s ]
INFO: [ app_begin ] --END-- [ RunTime:0.001576s ]
SQL: SHOW COLUMNS FROM `nc_admin` [ RunTime:0.0004s ]
SQL: SELECT * FROM `nc_admin` WHERE `a_uname` = 'admin' LIMIT 1   [ RunTime:0.0002s ]

[ 2018-07-28T15:02:47+08:00 ] 123.52.72.178 /nc.php?s=/Public/login.html
INFO: [ app_init ] --START--
INFO: Run Behavior\BuildLiteBehavior [ RunTime:0.000009s ]
INFO: [ app_init ] --END-- [ RunTime:0.000041s ]
INFO: [ app_begin ] --START--
INFO: Run Behavior\ReadHtmlCacheBehavior [ RunTime:0.000272s ]
INFO: Run Common\Behavior\CheckLangBehavior [ RunTime:0.000649s ]
NOTIC: [8] Constant LANG_SET already defined /www/wwwroot/ypay.fanglao.vip/ThinkPHP/Library/Behavior/CheckLangBehavior.class.php 第 55 行.
INFO: Run Behavior\CheckLangBehavior [ RunTime:0.000635s ]
INFO: [ app_begin ] --END-- [ RunTime:0.001643s ]
INFO: [ view_parse ] --START--
INFO: [ template_filter ] --START--
INFO: Run Behavior\ContentReplaceBehavior [ RunTime:0.000039s ]
INFO: [ template_filter ] --END-- [ RunTime:0.000073s ]
INFO: Run Behavior\ParseTemplateBehavior [ RunTime:0.003209s ]
INFO: [ view_parse ] --END-- [ RunTime:0.003239s ]
INFO: [ view_filter ] --START--
INFO: Run Behavior\WriteHtmlCacheBehavior [ RunTime:0.000091s ]
INFO: [ view_filter ] --END-- [ RunTime:0.000111s ]
INFO: [ app_end ] --START--
INFO: Run Behavior\ShowPageTraceBehavior [ RunTime:0.000309s ]
INFO: [ app_end ] --END-- [ RunTime:0.000335s ]

[ 2018-07-28T15:02:52+08:00 ] 123.52.72.178 /nc.php?s=/Public/login.html
INFO: [ app_init ] --START--
INFO: Run Behavior\BuildLiteBehavior [ RunTime:0.000009s ]
INFO: [ app_init ] --END-- [ RunTime:0.000041s ]
INFO: [ app_begin ] --START--
INFO: Run Behavior\ReadHtmlCacheBehavior [ RunTime:0.000257s ]
INFO: Run Common\Behavior\CheckLangBehavior [ RunTime:0.000631s ]
NOTIC: [8] Constant LANG_SET already defined /www/wwwroot/ypay.fanglao.vip/ThinkPHP/Library/Behavior/CheckLangBehavior.class.php 第 55 行.
INFO: Run Behavior\CheckLangBehavior [ RunTime:0.000549s ]
INFO: [ app_begin ] --END-- [ RunTime:0.001502s ]
SQL: SHOW COLUMNS FROM `nc_admin` [ RunTime:0.0005s ]
SQL: SELECT * FROM `nc_admin` WHERE `a_uname` = 'admin' LIMIT 1   [ RunTime:0.0002s ]

[ 2018-07-28T15:02:53+08:00 ] 123.52.72.178 /nc.php?s=/Public/login.html
INFO: [ app_init ] --START--
INFO: Run Behavior\BuildLiteBehavior [ RunTime:0.000008s ]
INFO: [ app_init ] --END-- [ RunTime:0.000041s ]
INFO: [ app_begin ] --START--
INFO: Run Behavior\ReadHtmlCacheBehavior [ RunTime:0.000275s ]
INFO: Run Common\Behavior\CheckLangBehavior [ RunTime:0.000605s ]
NOTIC: [8] Constant LANG_SET already defined /www/wwwroot/ypay.fanglao.vip/ThinkPHP/Library/Behavior/CheckLangBehavior.class.php 第 55 行.
INFO: Run Behavior\CheckLangBehavior [ RunTime:0.000581s ]
INFO: [ app_begin ] --END-- [ RunTime:0.001530s ]
SQL: SHOW COLUMNS FROM `nc_admin` [ RunTime:0.0005s ]
SQL: SELECT * FROM `nc_admin` WHERE `a_uname` = 'admin' LIMIT 1   [ RunTime:0.0002s ]

[ 2018-07-28T15:21:14+08:00 ] 123.52.72.178 /nc.php?s=/Public/login.html
INFO: [ app_init ] --START--
INFO: Run Behavior\BuildLiteBehavior [ RunTime:0.000009s ]
INFO: [ app_init ] --END-- [ RunTime:0.000040s ]
INFO: [ app_begin ] --START--
INFO: Run Behavior\ReadHtmlCacheBehavior [ RunTime:0.000260s ]
INFO: Run Common\Behavior\CheckLangBehavior [ RunTime:0.000658s ]
NOTIC: [8] Constant LANG_SET already defined /www/wwwroot/ypay.fanglao.vip/ThinkPHP/Library/Behavior/CheckLangBehavior.class.php 第 55 行.
INFO: Run Behavior\CheckLangBehavior [ RunTime:0.000616s ]
INFO: [ app_begin ] --END-- [ RunTime:0.001599s ]
SQL: SHOW COLUMNS FROM `nc_admin` [ RunTime:0.0005s ]
SQL: SELECT * FROM `nc_admin` WHERE `a_uname` = 'admin' LIMIT 1   [ RunTime:0.0002s ]
SQL: SHOW COLUMNS FROM `nc_admin` [ RunTime:0.0003s ]
SQL: UPDATE `nc_admin` SET `a_last_login_time`='1532762474',`a_login_count`=a_login_count+1,`a_last_login_ip`='123.52.72.178' WHERE `a_id` = 1 [ RunTime:0.0023s ]
SQL: SHOW COLUMNS FROM `ysk_user_action` [ RunTime:0.0004s ]
SQL: INSERT INTO `ysk_user_action` (`type`,`user_id`,`uname`,`add_time`,`info`) VALUES ('后台系统用户','1','admin','2018-07-28 15:21:14','登录了后台系统') [ RunTime:0.0072s ]

[ 2018-07-28T15:21:14+08:00 ] 123.52.72.178 /nc.php?s=/Index/index.html
INFO: [ app_init ] --START--
INFO: Run Behavior\BuildLiteBehavior [ RunTime:0.000008s ]
INFO: [ app_init ] --END-- [ RunTime:0.000037s ]
INFO: [ app_begin ] --START--
INFO: Run Behavior\ReadHtmlCacheBehavior [ RunTime:0.000260s ]
INFO: Run Common\Behavior\CheckLangBehavior [ RunTime:0.000607s ]
NOTIC: [8] Constant LANG_SET already defined /www/wwwroot/ypay.fanglao.vip/ThinkPHP/Library/Behavior/CheckLangBehavior.class.php 第 55 行.
INFO: Run Behavior\CheckLangBehavior [ RunTime:0.000568s ]
INFO: [ app_begin ] --END-- [ RunTime:0.001503s ]
SQL: SHOW COLUMNS FROM `ysk_order` [ RunTime:0.0005s ]
SQL: SELECT COUNT(1) AS tp_count FROM `ysk_order` WHERE `time` BETWEEN null AND null AND `status` = 1 LIMIT 1   [ RunTime:0.0002s ]
SQL: SHOW COLUMNS FROM `ysk_member` [ RunTime:0.0006s ]
SQL: SELECT COUNT(1) AS tp_count FROM `ysk_member` WHERE `create_time` BETWEEN null AND null LIMIT 1   [ RunTime:0.0001s ]
INFO: [ view_parse ] --START--
INFO: [ template_filter ] --START--
INFO: Run Behavior\ContentReplaceBehavior [ RunTime:0.000053s ]
INFO: [ template_filter ] --END-- [ RunTime:0.000079s ]
SQL: SHOW COLUMNS FROM `nc_menu` [ RunTime:0.0003s ]
SQL: SELECT * FROM `nc_menu` ORDER BY sort_order  [ RunTime:0.0002s ]
INFO: [ view_parse ] --START--
INFO: [ template_filter ] --START--
INFO: Run Behavior\ContentReplaceBehavior [ RunTime:0.000025s ]
INFO: [ template_filter ] --END-- [ RunTime:-0.003154s ]
INFO: Run Behavior\ParseTemplateBehavior [ RunTime:0.002114s ]
INFO: [ view_parse ] --END-- [ RunTime:0.002143s ]
INFO: [ view_filter ] --START--
INFO: Run Behavior\WriteHtmlCacheBehavior [ RunTime:0.000101s ]
INFO: [ view_filter ] --END-- [ RunTime:0.000121s ]
INFO: Run Behavior\ParseTemplateBehavior [ RunTime:0.002332s ]
INFO: [ view_parse ] --END-- [ RunTime:0.002143s ]
INFO: [ view_filter ] --START--
INFO: Run Behavior\WriteHtmlCacheBehavior [ RunTime:0.000005s ]
INFO: [ view_filter ] --END-- [ RunTime:-0.000089s ]
INFO: [ app_end ] --START--
INFO: Run Behavior\ShowPageTraceBehavior [ RunTime:0.000272s ]
INFO: [ app_end ] --END-- [ RunTime:0.000292s ]

[ 2018-07-28T15:24:48+08:00 ] 123.52.72.178 /nc.php?s=/Index/index.html
INFO: [ app_init ] --START--
INFO: Run Behavior\BuildLiteBehavior [ RunTime:0.000009s ]
INFO: [ app_init ] --END-- [ RunTime:0.000043s ]
INFO: [ app_begin ] --START--
INFO: Run Behavior\ReadHtmlCacheBehavior [ RunTime:0.000296s ]
INFO: Run Common\Behavior\CheckLangBehavior [ RunTime:0.000610s ]
NOTIC: [8] Constant LANG_SET already defined /www/wwwroot/ypay.fanglao.vip/ThinkPHP/Library/Behavior/CheckLangBehavior.class.php 第 55 行.
INFO: Run Behavior\CheckLangBehavior [ RunTime:0.000619s ]
INFO: [ app_begin ] --END-- [ RunTime:0.001594s ]
SQL: SHOW COLUMNS FROM `ysk_order` [ RunTime:0.0006s ]
SQL: SELECT COUNT(1) AS tp_count FROM `ysk_order` WHERE `time` BETWEEN null AND null AND `status` = 1 LIMIT 1   [ RunTime:0.0002s ]
SQL: SHOW COLUMNS FROM `ysk_member` [ RunTime:0.0007s ]
SQL: SELECT COUNT(1) AS tp_count FROM `ysk_member` WHERE `create_time` BETWEEN null AND null LIMIT 1   [ RunTime:0.0001s ]
INFO: [ view_parse ] --START--
INFO: [ template_filter ] --START--
INFO: Run Behavior\ContentReplaceBehavior [ RunTime:0.000056s ]
INFO: [ template_filter ] --END-- [ RunTime:0.000085s ]
SQL: SHOW COLUMNS FROM `nc_menu` [ RunTime:0.0003s ]
SQL: SELECT * FROM `nc_menu` ORDER BY sort_order  [ RunTime:0.0003s ]
INFO: [ view_parse ] --START--
INFO: [ template_filter ] --START--
INFO: Run Behavior\ContentReplaceBehavior [ RunTime:0.000027s ]
INFO: [ template_filter ] --END-- [ RunTime:-0.003304s ]
INFO: Run Behavior\ParseTemplateBehavior [ RunTime:0.002188s ]
INFO: [ view_parse ] --END-- [ RunTime:0.002217s ]
INFO: [ view_filter ] --START--
INFO: Run Behavior\WriteHtmlCacheBehavior [ RunTime:0.000090s ]
INFO: [ view_filter ] --END-- [ RunTime:0.000111s ]
INFO: Run Behavior\ParseTemplateBehavior [ RunTime:0.002379s ]
INFO: [ view_parse ] --END-- [ RunTime:0.002217s ]
INFO: [ view_filter ] --START--
INFO: Run Behavior\WriteHtmlCacheBehavior [ RunTime:0.000004s ]
INFO: [ view_filter ] --END-- [ RunTime:-0.000067s ]
INFO: [ app_end ] --START--
INFO: Run Behavior\ShowPageTraceBehavior [ RunTime:0.000418s ]
INFO: [ app_end ] --END-- [ RunTime:0.000448s ]

[ 2018-07-28T17:38:01+08:00 ] 101.199.110.113 /nc.php?s=/Index/index.html
INFO: [ app_init ] --START--
INFO: Run Behavior\BuildLiteBehavior [ RunTime:0.000009s ]
INFO: [ app_init ] --END-- [ RunTime:0.000040s ]
INFO: [ app_begin ] --START--
INFO: Run Behavior\ReadHtmlCacheBehavior [ RunTime:0.000279s ]
INFO: Run Common\Behavior\CheckLangBehavior [ RunTime:0.000631s ]
NOTIC: [8] Constant LANG_SET already defined /www/wwwroot/ypay.fanglao.vip/ThinkPHP/Library/Behavior/CheckLangBehavior.class.php 第 55 行.
INFO: Run Behavior\CheckLangBehavior [ RunTime:0.000574s ]
INFO: [ app_begin ] --END-- [ RunTime:0.001555s ]

[ 2018-07-28T17:38:01+08:00 ] 101.199.110.113 /nc.php?s=/Public/login.html
INFO: [ app_init ] --START--
INFO: Run Behavior\BuildLiteBehavior [ RunTime:0.000007s ]
INFO: [ app_init ] --END-- [ RunTime:0.000038s ]
INFO: [ app_begin ] --START--
INFO: Run Behavior\ReadHtmlCacheBehavior [ RunTime:0.000316s ]
INFO: Run Common\Behavior\CheckLangBehavior [ RunTime:0.000620s ]
NOTIC: [8] Constant LANG_SET already defined /www/wwwroot/ypay.fanglao.vip/ThinkPHP/Library/Behavior/CheckLangBehavior.class.php 第 55 行.
INFO: Run Behavior\CheckLangBehavior [ RunTime:0.000612s ]
INFO: [ app_begin ] --END-- [ RunTime:0.001619s ]
INFO: [ view_parse ] --START--
INFO: [ template_filter ] --START--
INFO: Run Behavior\ContentReplaceBehavior [ RunTime:0.000038s ]
INFO: [ template_filter ] --END-- [ RunTime:0.000069s ]
INFO: Run Behavior\ParseTemplateBehavior [ RunTime:0.003056s ]
INFO: [ view_parse ] --END-- [ RunTime:0.003083s ]
INFO: [ view_filter ] --START--
INFO: Run Behavior\WriteHtmlCacheBehavior [ RunTime:0.000105s ]
INFO: [ view_filter ] --END-- [ RunTime:0.000125s ]
INFO: [ app_end ] --START--
INFO: Run Behavior\ShowPageTraceBehavior [ RunTime:0.000333s ]
INFO: [ app_end ] --END-- [ RunTime:0.000357s ]

[ 2018-07-28T19:16:34+08:00 ] 140.243.105.170 /nc.php
INFO: [ app_init ] --START--
INFO: Run Behavior\BuildLiteBehavior [ RunTime:0.000008s ]
INFO: [ app_init ] --END-- [ RunTime:0.000052s ]
INFO: [ app_begin ] --START--
INFO: Run Behavior\ReadHtmlCacheBehavior [ RunTime:0.000268s ]
INFO: Run Common\Behavior\CheckLangBehavior [ RunTime:0.000664s ]
NOTIC: [8] Constant LANG_SET already defined /www/wwwroot/ypay.fanglao.vip/ThinkPHP/Library/Behavior/CheckLangBehavior.class.php 第 55 行.
INFO: Run Behavior\CheckLangBehavior [ RunTime:0.000590s ]
INFO: [ app_begin ] --END-- [ RunTime:0.001590s ]

[ 2018-07-28T19:16:35+08:00 ] 140.243.105.170 /nc.php?s=/Public/login.html
INFO: [ app_init ] --START--
INFO: Run Behavior\BuildLiteBehavior [ RunTime:0.000009s ]
INFO: [ app_init ] --END-- [ RunTime:0.000039s ]
INFO: [ app_begin ] --START--
INFO: Run Behavior\ReadHtmlCacheBehavior [ RunTime:0.000327s ]
INFO: Run Common\Behavior\CheckLangBehavior [ RunTime:0.000644s ]
NOTIC: [8] Constant LANG_SET already defined /www/wwwroot/ypay.fanglao.vip/ThinkPHP/Library/Behavior/CheckLangBehavior.class.php 第 55 行.
INFO: Run Behavior\CheckLangBehavior [ RunTime:0.000606s ]
INFO: [ app_begin ] --END-- [ RunTime:0.001659s ]
INFO: [ view_parse ] --START--
INFO: [ template_filter ] --START--
INFO: Run Behavior\ContentReplaceBehavior [ RunTime:0.000039s ]
INFO: [ template_filter ] --END-- [ RunTime:0.000070s ]
INFO: Run Behavior\ParseTemplateBehavior [ RunTime:0.003158s ]
INFO: [ view_parse ] --END-- [ RunTime:0.003184s ]
INFO: [ view_filter ] --START--
INFO: Run Behavior\WriteHtmlCacheBehavior [ RunTime:0.000125s ]
INFO: [ view_filter ] --END-- [ RunTime:0.000147s ]
INFO: [ app_end ] --START--
INFO: Run Behavior\ShowPageTraceBehavior [ RunTime:0.000296s ]
INFO: [ app_end ] --END-- [ RunTime:0.000318s ]

[ 2018-07-28T19:16:47+08:00 ] 140.243.105.170 /nc.php
INFO: [ app_init ] --START--
INFO: Run Behavior\BuildLiteBehavior [ RunTime:0.000007s ]
INFO: [ app_init ] --END-- [ RunTime:0.000039s ]
INFO: [ app_begin ] --START--
INFO: Run Behavior\ReadHtmlCacheBehavior [ RunTime:0.000276s ]
INFO: Run Common\Behavior\CheckLangBehavior [ RunTime:0.000617s ]
NOTIC: [8] Constant LANG_SET already defined /www/wwwroot/ypay.fanglao.vip/ThinkPHP/Library/Behavior/CheckLangBehavior.class.php 第 55 行.
INFO: Run Behavior\CheckLangBehavior [ RunTime:0.000587s ]
INFO: [ app_begin ] --END-- [ RunTime:0.001551s ]

[ 2018-07-28T19:16:48+08:00 ] 140.243.105.170 /nc.php?s=/Public/login.html
INFO: [ app_init ] --START--
INFO: Run Behavior\BuildLiteBehavior [ RunTime:0.000008s ]
INFO: [ app_init ] --END-- [ RunTime:0.000042s ]
INFO: [ app_begin ] --START--
INFO: Run Behavior\ReadHtmlCacheBehavior [ RunTime:0.000293s ]
INFO: Run Common\Behavior\CheckLangBehavior [ RunTime:0.000624s ]
NOTIC: [8] Constant LANG_SET already defined /www/wwwroot/ypay.fanglao.vip/ThinkPHP/Library/Behavior/CheckLangBehavior.class.php 第 55 行.
INFO: Run Behavior\CheckLangBehavior [ RunTime:0.000629s ]
INFO: [ app_begin ] --END-- [ RunTime:0.001621s ]
INFO: [ view_parse ] --START--
INFO: [ template_filter ] --START--
INFO: Run Behavior\ContentReplaceBehavior [ RunTime:0.000038s ]
INFO: [ template_filter ] --END-- [ RunTime:0.000068s ]
INFO: Run Behavior\ParseTemplateBehavior [ RunTime:0.003051s ]
INFO: [ view_parse ] --END-- [ RunTime:0.003079s ]
INFO: [ view_filter ] --START--
INFO: Run Behavior\WriteHtmlCacheBehavior [ RunTime:0.000089s ]
INFO: [ view_filter ] --END-- [ RunTime:0.000109s ]
INFO: [ app_end ] --START--
INFO: Run Behavior\ShowPageTraceBehavior [ RunTime:0.000269s ]
INFO: [ app_end ] --END-- [ RunTime:0.000291s ]

[ 2018-07-28T19:17:34+08:00 ] 117.185.117.59 /nc.php
INFO: [ app_init ] --START--
INFO: Run Behavior\BuildLiteBehavior [ RunTime:0.000008s ]
INFO: [ app_init ] --END-- [ RunTime:0.000039s ]
INFO: [ app_begin ] --START--
INFO: Run Behavior\ReadHtmlCacheBehavior [ RunTime:0.000261s ]
INFO: Run Common\Behavior\CheckLangBehavior [ RunTime:0.000641s ]
NOTIC: [8] Constant LANG_SET already defined /www/wwwroot/ypay.fanglao.vip/ThinkPHP/Library/Behavior/CheckLangBehavior.class.php 第 55 行.
INFO: Run Behavior\CheckLangBehavior [ RunTime:0.000556s ]
INFO: [ app_begin ] --END-- [ RunTime:0.001528s ]

[ 2018-07-28T19:17:35+08:00 ] 117.144.245.12 /nc.php?s=/Public/login.html
INFO: [ app_init ] --START--
INFO: Run Behavior\BuildLiteBehavior [ RunTime:0.000009s ]
INFO: [ app_init ] --END-- [ RunTime:0.000041s ]
INFO: [ app_begin ] --START--
INFO: Run Behavior\ReadHtmlCacheBehavior [ RunTime:0.000366s ]
INFO: Run Common\Behavior\CheckLangBehavior [ RunTime:0.000620s ]
NOTIC: [8] Constant LANG_SET already defined /www/wwwroot/ypay.fanglao.vip/ThinkPHP/Library/Behavior/CheckLangBehavior.class.php 第 55 行.
INFO: Run Behavior\CheckLangBehavior [ RunTime:0.000604s ]
INFO: [ app_begin ] --END-- [ RunTime:0.001663s ]
INFO: [ view_parse ] --START--
INFO: [ template_filter ] --START--
INFO: Run Behavior\ContentReplaceBehavior [ RunTime:0.000039s ]
INFO: [ template_filter ] --END-- [ RunTime:0.000070s ]
INFO: Run Behavior\ParseTemplateBehavior [ RunTime:0.003033s ]
INFO: [ view_parse ] --END-- [ RunTime:0.003059s ]
INFO: [ view_filter ] --START--
INFO: Run Behavior\WriteHtmlCacheBehavior [ RunTime:0.000087s ]
INFO: [ view_filter ] --END-- [ RunTime:0.000107s ]
INFO: [ app_end ] --START--
INFO: Run Behavior\ShowPageTraceBehavior [ RunTime:0.000284s ]
INFO: [ app_end ] --END-- [ RunTime:0.000307s ]

[ 2018-07-28T19:17:36+08:00 ] 61.151.226.61 /nc.php
INFO: [ app_init ] --START--
INFO: Run Behavior\BuildLiteBehavior [ RunTime:0.000008s ]
INFO: [ app_init ] --END-- [ RunTime:0.000039s ]
INFO: [ app_begin ] --START--
INFO: Run Behavior\ReadHtmlCacheBehavior [ RunTime:0.000268s ]
INFO: Run Common\Behavior\CheckLangBehavior [ RunTime:0.000238s ]
NOTIC: [8] Constant LANG_SET already defined /www/wwwroot/ypay.fanglao.vip/ThinkPHP/Library/Behavior/CheckLangBehavior.class.php 第 55 行.
INFO: Run Behavior\CheckLangBehavior [ RunTime:0.000194s ]
INFO: [ app_begin ] --END-- [ RunTime:0.000760s ]

[ 2018-07-28T19:17:36+08:00 ] 61.151.226.61 /nc.php?s=/Public/login.html
INFO: [ app_init ] --START--
INFO: Run Behavior\BuildLiteBehavior [ RunTime:0.000007s ]
INFO: [ app_init ] --END-- [ RunTime:0.000038s ]
INFO: [ app_begin ] --START--
INFO: Run Behavior\ReadHtmlCacheBehavior [ RunTime:0.000263s ]
INFO: Run Common\Behavior\CheckLangBehavior [ RunTime:0.000219s ]
NOTIC: [8] Constant LANG_SET already defined /www/wwwroot/ypay.fanglao.vip/ThinkPHP/Library/Behavior/CheckLangBehavior.class.php 第 55 行.
INFO: Run Behavior\CheckLangBehavior [ RunTime:0.000209s ]
INFO: [ app_begin ] --END-- [ RunTime:0.000752s ]
INFO: [ view_parse ] --START--
INFO: [ template_filter ] --START--
INFO: Run Behavior\ContentReplaceBehavior [ RunTime:0.000038s ]
INFO: [ template_filter ] --END-- [ RunTime:0.000068s ]
INFO: Run Behavior\ParseTemplateBehavior [ RunTime:0.002967s ]
INFO: [ view_parse ] --END-- [ RunTime:0.002994s ]
INFO: [ view_filter ] --START--
INFO: Run Behavior\WriteHtmlCacheBehavior [ RunTime:0.000084s ]
INFO: [ view_filter ] --END-- [ RunTime:0.000103s ]
INFO: [ app_end ] --START--
INFO: Run Behavior\ShowPageTraceBehavior [ RunTime:0.000262s ]
INFO: [ app_end ] --END-- [ RunTime:0.000283s ]

[ 2018-07-28T20:09:47+08:00 ] 101.132.182.68 /nc.php?s=/Index/index.html
INFO: [ app_init ] --START--
INFO: Run Behavior\BuildLiteBehavior [ RunTime:0.000009s ]
INFO: [ app_init ] --END-- [ RunTime:0.000042s ]
INFO: [ app_begin ] --START--
INFO: Run Behavior\ReadHtmlCacheBehavior [ RunTime:0.000280s ]
INFO: Run Common\Behavior\CheckLangBehavior [ RunTime:0.000633s ]
NOTIC: [8] Constant LANG_SET already defined /www/wwwroot/ypay.fanglao.vip/ThinkPHP/Library/Behavior/CheckLangBehavior.class.php 第 55 行.
INFO: Run Behavior\CheckLangBehavior [ RunTime:0.000613s ]
INFO: [ app_begin ] --END-- [ RunTime:0.001602s ]

[ 2018-07-28T20:09:47+08:00 ] 101.132.182.68 /nc.php?s=/Public/login.html
INFO: [ app_init ] --START--
INFO: Run Behavior\BuildLiteBehavior [ RunTime:0.000008s ]
INFO: [ app_init ] --END-- [ RunTime:0.000037s ]
INFO: [ app_begin ] --START--
INFO: Run Behavior\ReadHtmlCacheBehavior [ RunTime:0.000272s ]
INFO: Run Common\Behavior\CheckLangBehavior [ RunTime:0.000603s ]
NOTIC: [8] Constant LANG_SET already defined /www/wwwroot/ypay.fanglao.vip/ThinkPHP/Library/Behavior/CheckLangBehavior.class.php 第 55 行.
INFO: Run Behavior\CheckLangBehavior [ RunTime:0.000573s ]
INFO: [ app_begin ] --END-- [ RunTime:0.001528s ]
INFO: [ view_parse ] --START--
INFO: [ template_filter ] --START--
INFO: Run Behavior\ContentReplaceBehavior [ RunTime:0.000038s ]
INFO: [ template_filter ] --END-- [ RunTime:0.000067s ]
INFO: Run Behavior\ParseTemplateBehavior [ RunTime:0.003010s ]
INFO: [ view_parse ] --END-- [ RunTime:0.003038s ]
INFO: [ view_filter ] --START--
INFO: Run Behavior\WriteHtmlCacheBehavior [ RunTime:0.000090s ]
INFO: [ view_filter ] --END-- [ RunTime:0.000110s ]
INFO: [ app_end ] --START--
INFO: Run Behavior\ShowPageTraceBehavior [ RunTime:0.000283s ]
INFO: [ app_end ] --END-- [ RunTime:0.000307s ]

[ 2018-07-28T23:21:02+08:00 ] 110.87.122.29 /nc.php
INFO: [ app_init ] --START--
INFO: Run Behavior\BuildLiteBehavior [ RunTime:0.000009s ]
INFO: [ app_init ] --END-- [ RunTime:0.000043s ]
INFO: [ app_begin ] --START--
INFO: Run Behavior\ReadHtmlCacheBehavior [ RunTime:0.000259s ]
INFO: Run Common\Behavior\CheckLangBehavior [ RunTime:0.000678s ]
NOTIC: [8] Constant LANG_SET already defined /www/wwwroot/ypay.fanglao.vip/ThinkPHP/Library/Behavior/CheckLangBehavior.class.php 第 55 行.
INFO: Run Behavior\CheckLangBehavior [ RunTime:0.000568s ]
INFO: [ app_begin ] --END-- [ RunTime:0.001575s ]

[ 2018-07-28T23:21:02+08:00 ] 110.87.122.29 /nc.php?s=/Public/login.html
INFO: [ app_init ] --START--
INFO: Run Behavior\BuildLiteBehavior [ RunTime:0.000008s ]
INFO: [ app_init ] --END-- [ RunTime:0.000048s ]
INFO: [ app_begin ] --START--
INFO: Run Behavior\ReadHtmlCacheBehavior [ RunTime:0.000278s ]
INFO: Run Common\Behavior\CheckLangBehavior [ RunTime:0.000594s ]
NOTIC: [8] Constant LANG_SET already defined /www/wwwroot/ypay.fanglao.vip/ThinkPHP/Library/Behavior/CheckLangBehavior.class.php 第 55 行.
INFO: Run Behavior\CheckLangBehavior [ RunTime:0.000562s ]
INFO: [ app_begin ] --END-- [ RunTime:0.001502s ]
INFO: [ view_parse ] --START--
INFO: [ template_filter ] --START--
INFO: Run Behavior\ContentReplaceBehavior [ RunTime:0.000039s ]
INFO: [ template_filter ] --END-- [ RunTime:0.000068s ]
INFO: Run Behavior\ParseTemplateBehavior [ RunTime:0.002991s ]
INFO: [ view_parse ] --END-- [ RunTime:0.003017s ]
INFO: [ view_filter ] --START--
INFO: Run Behavior\WriteHtmlCacheBehavior [ RunTime:0.000089s ]
INFO: [ view_filter ] --END-- [ RunTime:0.000109s ]
INFO: [ app_end ] --START--
INFO: Run Behavior\ShowPageTraceBehavior [ RunTime:0.000282s ]
INFO: [ app_end ] --END-- [ RunTime:0.000303s ]

[ 2018-07-28T23:21:10+08:00 ] 110.87.122.29 /nc.php?s=/Public/login.html
INFO: [ app_init ] --START--
INFO: Run Behavior\BuildLiteBehavior [ RunTime:0.000008s ]
INFO: [ app_init ] --END-- [ RunTime:0.000041s ]
INFO: [ app_begin ] --START--
INFO: Run Behavior\ReadHtmlCacheBehavior [ RunTime:0.000317s ]
INFO: Run Common\Behavior\CheckLangBehavior [ RunTime:0.000623s ]
NOTIC: [8] Constant LANG_SET already defined /www/wwwroot/ypay.fanglao.vip/ThinkPHP/Library/Behavior/CheckLangBehavior.class.php 第 55 行.
INFO: Run Behavior\CheckLangBehavior [ RunTime:0.000590s ]
INFO: [ app_begin ] --END-- [ RunTime:0.001598s ]
SQL: SHOW COLUMNS FROM `nc_admin` [ RunTime:0.0005s ]
SQL: SELECT * FROM `nc_admin` WHERE `a_uname` = 'admin' LIMIT 1   [ RunTime:0.0002s ]
SQL: SHOW COLUMNS FROM `nc_admin` [ RunTime:0.0003s ]
SQL: UPDATE `nc_admin` SET `a_last_login_time`='1532791270',`a_login_count`=a_login_count+1,`a_last_login_ip`='110.87.122.29' WHERE `a_id` = 1 [ RunTime:0.0025s ]
SQL: SHOW COLUMNS FROM `ysk_user_action` [ RunTime:0.0004s ]
SQL: INSERT INTO `ysk_user_action` (`type`,`user_id`,`uname`,`add_time`,`info`) VALUES ('后台系统用户','1','admin','2018-07-28 23:21:10','登录了后台系统') [ RunTime:0.0018s ]

[ 2018-07-28T23:21:10+08:00 ] 110.87.122.29 /nc.php?s=/Index/index.html
INFO: [ app_init ] --START--
INFO: Run Behavior\BuildLiteBehavior [ RunTime:0.000008s ]
INFO: [ app_init ] --END-- [ RunTime:0.000038s ]
INFO: [ app_begin ] --START--
INFO: Run Behavior\ReadHtmlCacheBehavior [ RunTime:0.000281s ]
INFO: Run Common\Behavior\CheckLangBehavior [ RunTime:0.000609s ]
NOTIC: [8] Constant LANG_SET already defined /www/wwwroot/ypay.fanglao.vip/ThinkPHP/Library/Behavior/CheckLangBehavior.class.php 第 55 行.
INFO: Run Behavior\CheckLangBehavior [ RunTime:0.000590s ]
INFO: [ app_begin ] --END-- [ RunTime:0.001549s ]
SQL: SHOW COLUMNS FROM `ysk_order` [ RunTime:0.0005s ]
SQL: SELECT COUNT(1) AS tp_count FROM `ysk_order` WHERE `time` BETWEEN null AND null AND `status` = 1 LIMIT 1   [ RunTime:0.0002s ]
SQL: SHOW COLUMNS FROM `ysk_member` [ RunTime:0.0006s ]
SQL: SELECT COUNT(1) AS tp_count FROM `ysk_member` WHERE `create_time` BETWEEN null AND null LIMIT 1   [ RunTime:0.0001s ]
INFO: [ view_parse ] --START--
INFO: [ template_filter ] --START--
INFO: Run Behavior\ContentReplaceBehavior [ RunTime:0.000056s ]
INFO: [ template_filter ] --END-- [ RunTime:0.000082s ]
SQL: SHOW COLUMNS FROM `nc_menu` [ RunTime:0.0003s ]
SQL: SELECT * FROM `nc_menu` ORDER BY sort_order  [ RunTime:0.0002s ]
INFO: [ view_parse ] --START--
INFO: [ template_filter ] --START--
INFO: Run Behavior\ContentReplaceBehavior [ RunTime:0.000025s ]
INFO: [ template_filter ] --END-- [ RunTime:-0.003150s ]
INFO: Run Behavior\ParseTemplateBehavior [ RunTime:0.002099s ]
INFO: [ view_parse ] --END-- [ RunTime:0.002128s ]
INFO: [ view_filter ] --START--
INFO: Run Behavior\WriteHtmlCacheBehavior [ RunTime:0.000086s ]
INFO: [ view_filter ] --END-- [ RunTime:0.000106s ]
INFO: Run Behavior\ParseTemplateBehavior [ RunTime:0.002283s ]
INFO: [ view_parse ] --END-- [ RunTime:0.002128s ]
INFO: [ view_filter ] --START--
INFO: Run Behavior\WriteHtmlCacheBehavior [ RunTime:0.000005s ]
INFO: [ view_filter ] --END-- [ RunTime:-0.000077s ]
INFO: [ app_end ] --START--
INFO: Run Behavior\ShowPageTraceBehavior [ RunTime:0.000399s ]
INFO: [ app_end ] --END-- [ RunTime:0.000428s ]

[ 2018-07-28T23:21:10+08:00 ] 110.87.122.29 /nc.php?s=/Index/index.html
INFO: [ app_init ] --START--
INFO: Run Behavior\BuildLiteBehavior [ RunTime:0.000008s ]
INFO: [ app_init ] --END-- [ RunTime:0.000038s ]
INFO: [ app_begin ] --START--
INFO: Run Behavior\ReadHtmlCacheBehavior [ RunTime:0.000285s ]
INFO: Run Common\Behavior\CheckLangBehavior [ RunTime:0.000614s ]
NOTIC: [8] Constant LANG_SET already defined /www/wwwroot/ypay.fanglao.vip/ThinkPHP/Library/Behavior/CheckLangBehavior.class.php 第 55 行.
INFO: Run Behavior\CheckLangBehavior [ RunTime:0.000583s ]
INFO: [ app_begin ] --END-- [ RunTime:0.001552s ]
SQL: SHOW COLUMNS FROM `ysk_order` [ RunTime:0.0005s ]
SQL: SELECT COUNT(1) AS tp_count FROM `ysk_order` WHERE `time` BETWEEN null AND null AND `status` = 1 LIMIT 1   [ RunTime:0.0002s ]
SQL: SHOW COLUMNS FROM `ysk_member` [ RunTime:0.0007s ]
SQL: SELECT COUNT(1) AS tp_count FROM `ysk_member` WHERE `create_time` BETWEEN null AND null LIMIT 1   [ RunTime:0.0001s ]
INFO: [ view_parse ] --START--
INFO: [ template_filter ] --START--
INFO: Run Behavior\ContentReplaceBehavior [ RunTime:0.000054s ]
INFO: [ template_filter ] --END-- [ RunTime:0.000081s ]
SQL: SHOW COLUMNS FROM `nc_menu` [ RunTime:0.0003s ]
SQL: SELECT * FROM `nc_menu` ORDER BY sort_order  [ RunTime:0.0002s ]
INFO: [ view_parse ] --START--
INFO: [ template_filter ] --START--
INFO: Run Behavior\ContentReplaceBehavior [ RunTime:0.000026s ]
INFO: [ template_filter ] --END-- [ RunTime:-0.003242s ]
INFO: Run Behavior\ParseTemplateBehavior [ RunTime:0.002223s ]
INFO: [ view_parse ] --END-- [ RunTime:0.002252s ]
INFO: [ view_filter ] --START--
INFO: Run Behavior\WriteHtmlCacheBehavior [ RunTime:0.000120s ]
INFO: [ view_filter ] --END-- [ RunTime:0.000141s ]
INFO: Run Behavior\ParseTemplateBehavior [ RunTime:0.002442s ]
INFO: [ view_parse ] --END-- [ RunTime:0.002252s ]
INFO: [ view_filter ] --START--
INFO: Run Behavior\WriteHtmlCacheBehavior [ RunTime:0.000005s ]
INFO: [ view_filter ] --END-- [ RunTime:-0.000066s ]
INFO: [ app_end ] --START--
INFO: Run Behavior\ShowPageTraceBehavior [ RunTime:0.000388s ]
INFO: [ app_end ] --END-- [ RunTime:0.000414s ]

[ 2018-07-28T23:37:04+08:00 ] 110.87.122.29 /nc.php?s=/AdminUser/index
INFO: [ app_init ] --START--
INFO: Run Behavior\BuildLiteBehavior [ RunTime:0.000009s ]
INFO: [ app_init ] --END-- [ RunTime:0.000041s ]
INFO: [ app_begin ] --START--
INFO: Run Behavior\ReadHtmlCacheBehavior [ RunTime:0.000285s ]
INFO: Run Common\Behavior\CheckLangBehavior [ RunTime:0.000609s ]
NOTIC: [8] Constant LANG_SET already defined /www/wwwroot/ypay.fanglao.vip/ThinkPHP/Library/Behavior/CheckLangBehavior.class.php 第 55 行.
INFO: Run Behavior\CheckLangBehavior [ RunTime:0.000609s ]
INFO: [ app_begin ] --END-- [ RunTime:0.001574s ]
SQL: select * from nc_admin  [ RunTime:0.0002s ]
SQL: select * from nc_admin  order by a_id desc LIMIT 0,10 [ RunTime:0.0001s ]
INFO: [ view_parse ] --START--
INFO: [ template_filter ] --START--
INFO: Run Behavior\ContentReplaceBehavior [ RunTime:0.000065s ]
INFO: [ template_filter ] --END-- [ RunTime:0.000091s ]
SQL: SHOW COLUMNS FROM `nc_menu` [ RunTime:0.0004s ]
SQL: SELECT * FROM `nc_menu` ORDER BY sort_order  [ RunTime:0.0003s ]
INFO: [ view_parse ] --START--
INFO: [ template_filter ] --START--
INFO: Run Behavior\ContentReplaceBehavior [ RunTime:0.000025s ]
INFO: [ template_filter ] --END-- [ RunTime:-0.003634s ]
INFO: Run Behavior\ParseTemplateBehavior [ RunTime:0.002079s ]
INFO: [ view_parse ] --END-- [ RunTime:0.002116s ]
INFO: [ view_filter ] --START--
INFO: Run Behavior\WriteHtmlCacheBehavior [ RunTime:0.000087s ]
INFO: [ view_filter ] --END-- [ RunTime:0.000106s ]
INFO: Run Behavior\ParseTemplateBehavior [ RunTime:0.002350s ]
INFO: [ view_parse ] --END-- [ RunTime:0.002116s ]
INFO: [ view_filter ] --START--
INFO: Run Behavior\WriteHtmlCacheBehavior [ RunTime:0.000006s ]
INFO: [ view_filter ] --END-- [ RunTime:-0.000164s ]
INFO: [ app_end ] --START--
INFO: Run Behavior\ShowPageTraceBehavior [ RunTime:0.000292s ]
INFO: [ app_end ] --END-- [ RunTime:0.000317s ]

[ 2018-07-28T23:37:04+08:00 ] 110.87.122.29 /nc.php?s=/AdminUser/index
INFO: [ app_init ] --START--
INFO: Run Behavior\BuildLiteBehavior [ RunTime:0.000009s ]
INFO: [ app_init ] --END-- [ RunTime:0.000040s ]
INFO: [ app_begin ] --START--
INFO: Run Behavior\ReadHtmlCacheBehavior [ RunTime:0.000288s ]
INFO: Run Common\Behavior\CheckLangBehavior [ RunTime:0.000638s ]
NOTIC: [8] Constant LANG_SET already defined /www/wwwroot/ypay.fanglao.vip/ThinkPHP/Library/Behavior/CheckLangBehavior.class.php 第 55 行.
INFO: Run Behavior\CheckLangBehavior [ RunTime:0.000618s ]
INFO: [ app_begin ] --END-- [ RunTime:0.001614s ]
SQL: select * from nc_admin  [ RunTime:0.0002s ]
SQL: select * from nc_admin  order by a_id desc LIMIT 0,10 [ RunTime:0.0001s ]
INFO: [ view_parse ] --START--
INFO: [ template_filter ] --START--
INFO: Run Behavior\ContentReplaceBehavior [ RunTime:0.000072s ]
INFO: [ template_filter ] --END-- [ RunTime:0.000103s ]
SQL: SHOW COLUMNS FROM `nc_menu` [ RunTime:0.0004s ]
SQL: SELECT * FROM `nc_menu` ORDER BY sort_order  [ RunTime:0.0003s ]
INFO: [ view_parse ] --START--
INFO: [ template_filter ] --START--
INFO: Run Behavior\ContentReplaceBehavior [ RunTime:0.000028s ]
INFO: [ template_filter ] --END-- [ RunTime:-0.003871s ]
INFO: Run Behavior\ParseTemplateBehavior [ RunTime:0.002247s ]
INFO: [ view_parse ] --END-- [ RunTime:0.002276s ]
INFO: [ view_filter ] --START--
INFO: Run Behavior\WriteHtmlCacheBehavior [ RunTime:0.000112s ]
INFO: [ view_filter ] --END-- [ RunTime:0.000132s ]
INFO: Run Behavior\ParseTemplateBehavior [ RunTime:0.002554s ]
INFO: [ view_parse ] --END-- [ RunTime:0.002276s ]
INFO: [ view_filter ] --START--
INFO: Run Behavior\WriteHtmlCacheBehavior [ RunTime:0.000005s ]
INFO: [ view_filter ] --END-- [ RunTime:-0.000166s ]
INFO: [ app_end ] --START--
INFO: Run Behavior\ShowPageTraceBehavior [ RunTime:0.000419s ]
INFO: [ app_end ] --END-- [ RunTime:0.000453s ]

[ 2018-07-28T23:37:08+08:00 ] 110.87.122.29 /nc.php?s=/Goods/index
INFO: [ app_init ] --START--
INFO: Run Behavior\BuildLiteBehavior [ RunTime:0.000009s ]
INFO: [ app_init ] --END-- [ RunTime:0.000044s ]
INFO: [ app_begin ] --START--
INFO: Run Behavior\ReadHtmlCacheBehavior [ RunTime:0.000282s ]
INFO: Run Common\Behavior\CheckLangBehavior [ RunTime:0.000616s ]
NOTIC: [8] Constant LANG_SET already defined /www/wwwroot/ypay.fanglao.vip/ThinkPHP/Library/Behavior/CheckLangBehavior.class.php 第 55 行.
INFO: Run Behavior\CheckLangBehavior [ RunTime:0.000600s ]
INFO: [ app_begin ] --END-- [ RunTime:0.001567s ]
SQL: SHOW COLUMNS FROM `ysk_goods` [ RunTime:0.0005s ]
SQL: SELECT pd.id,pd.type_id,pd.name,pd.price,pd.pic,pd.status,pd.shangjia,pd.stock,pd.ctime,pc.id as cid,pc.name as cname FROM ysk_product_detail pd,ysk_product_cate pc WHERE pd.type_id=pc.id and pd.is_duobao=1 [ RunTime:0.0004s ]
SQL: SELECT pd.id,pd.type_id,pd.name,pd.price,pd.pic,pd.status,pd.shangjia,pd.stock,pd.ctime,pc.id as cid,pc.name as cname FROM ysk_product_detail pd,ysk_product_cate pc WHERE pd.type_id=pc.id and pd.is_duobao=1 order by pd.status desc,pd.ctime desc LIMIT 0,10 [ RunTime:0.0004s ]
SQL: SHOW COLUMNS FROM `ysk_product_cate` [ RunTime:0.0004s ]
SQL: SELECT * FROM `ysk_product_cate`  [ RunTime:0.0002s ]
INFO: [ view_parse ] --START--
INFO: [ template_filter ] --START--
INFO: Run Behavior\ContentReplaceBehavior [ RunTime:0.000067s ]
INFO: [ template_filter ] --END-- [ RunTime:0.000094s ]
SQL: SHOW COLUMNS FROM `nc_menu` [ RunTime:0.0004s ]
SQL: SELECT * FROM `nc_menu` ORDER BY sort_order  [ RunTime:0.0002s ]
INFO: [ view_parse ] --START--
INFO: [ template_filter ] --START--
INFO: Run Behavior\ContentReplaceBehavior [ RunTime:0.000024s ]
INFO: [ template_filter ] --END-- [ RunTime:-0.003911s ]
INFO: Run Behavior\ParseTemplateBehavior [ RunTime:0.002130s ]
INFO: [ view_parse ] --END-- [ RunTime:0.002164s ]
INFO: [ view_filter ] --START--
INFO: Run Behavior\WriteHtmlCacheBehavior [ RunTime:0.000092s ]
INFO: [ view_filter ] --END-- [ RunTime:0.000111s ]
SQL: SHOW COLUMNS FROM `ysk_product_detail` [ RunTime:0.0005s ]
SQL: SELECT * FROM `ysk_product_detail` WHERE `id` = 204 LIMIT 1   [ RunTime:0.0002s ]
SQL: SHOW COLUMNS FROM `ysk_gerenshangpu` [ RunTime:0.0004s ]
SQL: SELECT * FROM `ysk_gerenshangpu` WHERE `userid` = 8867 LIMIT 1   [ RunTime:0.0002s ]
SQL: SELECT * FROM `ysk_product_detail` WHERE `id` = 206 LIMIT 1   [ RunTime:0.0002s ]
SQL: SELECT * FROM `ysk_gerenshangpu` WHERE `userid` = 8867 LIMIT 1   [ RunTime:0.0002s ]
SQL: SELECT * FROM `ysk_product_detail` WHERE `id` = 203 LIMIT 1   [ RunTime:0.0002s ]
SQL: SELECT * FROM `ysk_gerenshangpu` WHERE `userid` = 8867 LIMIT 1   [ RunTime:0.0002s ]
SQL: SELECT * FROM `ysk_product_detail` WHERE `id` = 202 LIMIT 1   [ RunTime:0.0002s ]
SQL: SELECT * FROM `ysk_gerenshangpu` WHERE `userid` = 8867 LIMIT 1   [ RunTime:0.0002s ]
SQL: SELECT * FROM `ysk_product_detail` WHERE `id` = 197 LIMIT 1   [ RunTime:0.0002s ]
SQL: SELECT * FROM `ysk_gerenshangpu` WHERE `userid` = 8867 LIMIT 1   [ RunTime:0.0002s ]
SQL: SELECT * FROM `ysk_product_detail` WHERE `id` = 196 LIMIT 1   [ RunTime:0.0002s ]
SQL: SELECT * FROM `ysk_gerenshangpu` WHERE `userid` = 8869 LIMIT 1   [ RunTime:0.0002s ]
SQL: SELECT * FROM `ysk_product_detail` WHERE `id` = 200 LIMIT 1   [ RunTime:0.0002s ]
SQL: SELECT * FROM `ysk_gerenshangpu` WHERE `userid` = 8869 LIMIT 1   [ RunTime:0.0002s ]
SQL: SELECT * FROM `ysk_product_detail` WHERE `id` = 198 LIMIT 1   [ RunTime:0.0002s ]
SQL: SELECT * FROM `ysk_gerenshangpu` WHERE `userid` = 8867 LIMIT 1   [ RunTime:0.0002s ]
SQL: SELECT * FROM `ysk_product_detail` WHERE `id` = 199 LIMIT 1   [ RunTime:0.0002s ]
SQL: SELECT * FROM `ysk_gerenshangpu` WHERE `userid` = 8869 LIMIT 1   [ RunTime:0.0002s ]
SQL: SELECT * FROM `ysk_product_detail` WHERE `id` = 195 LIMIT 1   [ RunTime:0.0002s ]
SQL: SELECT * FROM `ysk_gerenshangpu` WHERE `userid` = 8869 LIMIT 1   [ RunTime:0.0002s ]
INFO: Run Behavior\ParseTemplateBehavior [ RunTime:0.009564s ]
INFO: [ view_parse ] --END-- [ RunTime:0.002164s ]
INFO: [ view_filter ] --START--
INFO: Run Behavior\WriteHtmlCacheBehavior [ RunTime:0.000006s ]
INFO: [ view_filter ] --END-- [ RunTime:-0.007309s ]
INFO: [ app_end ] --START--
INFO: Run Behavior\ShowPageTraceBehavior [ RunTime:0.000310s ]
INFO: [ app_end ] --END-- [ RunTime:0.000332s ]

[ 2018-07-28T23:37:26+08:00 ] 110.87.122.29 /nc.php?s=/Goods/index/p/2.html
INFO: [ app_init ] --START--
INFO: Run Behavior\BuildLiteBehavior [ RunTime:0.000008s ]
INFO: [ app_init ] --END-- [ RunTime:0.000043s ]
INFO: [ app_begin ] --START--
INFO: Run Behavior\ReadHtmlCacheBehavior [ RunTime:0.000279s ]
INFO: Run Common\Behavior\CheckLangBehavior [ RunTime:0.000664s ]
NOTIC: [8] Constant LANG_SET already defined /www/wwwroot/ypay.fanglao.vip/ThinkPHP/Library/Behavior/CheckLangBehavior.class.php 第 55 行.
INFO: Run Behavior\CheckLangBehavior [ RunTime:0.000586s ]
INFO: [ app_begin ] --END-- [ RunTime:0.001600s ]
SQL: SHOW COLUMNS FROM `ysk_goods` [ RunTime:0.0006s ]
SQL: SELECT pd.id,pd.type_id,pd.name,pd.price,pd.pic,pd.status,pd.shangjia,pd.stock,pd.ctime,pc.id as cid,pc.name as cname FROM ysk_product_detail pd,ysk_product_cate pc WHERE pd.type_id=pc.id and pd.is_duobao=1 [ RunTime:0.0005s ]
SQL: SELECT pd.id,pd.type_id,pd.name,pd.price,pd.pic,pd.status,pd.shangjia,pd.stock,pd.ctime,pc.id as cid,pc.name as cname FROM ysk_product_detail pd,ysk_product_cate pc WHERE pd.type_id=pc.id and pd.is_duobao=1 order by pd.status desc,pd.ctime desc LIMIT 10,10 [ RunTime:0.0003s ]
SQL: SHOW COLUMNS FROM `ysk_product_cate` [ RunTime:0.0004s ]
SQL: SELECT * FROM `ysk_product_cate`  [ RunTime:0.0002s ]
INFO: [ view_parse ] --START--
INFO: [ template_filter ] --START--
INFO: Run Behavior\ContentReplaceBehavior [ RunTime:0.000066s ]
INFO: [ template_filter ] --END-- [ RunTime:0.000095s ]
SQL: SHOW COLUMNS FROM `nc_menu` [ RunTime:0.0003s ]
SQL: SELECT * FROM `nc_menu` ORDER BY sort_order  [ RunTime:0.0002s ]
INFO: [ view_parse ] --START--
INFO: [ template_filter ] --START--
INFO: Run Behavior\ContentReplaceBehavior [ RunTime:0.000024s ]
INFO: [ template_filter ] --END-- [ RunTime:-0.003832s ]
INFO: Run Behavior\ParseTemplateBehavior [ RunTime:0.002108s ]
INFO: [ view_parse ] --END-- [ RunTime:0.002135s ]
INFO: [ view_filter ] --START--
INFO: Run Behavior\WriteHtmlCacheBehavior [ RunTime:0.000088s ]
INFO: [ view_filter ] --END-- [ RunTime:0.000106s ]
SQL: SHOW COLUMNS FROM `ysk_product_detail` [ RunTime:0.0005s ]
SQL: SELECT * FROM `ysk_product_detail` WHERE `id` = 194 LIMIT 1   [ RunTime:0.0002s ]
SQL: SHOW COLUMNS FROM `ysk_gerenshangpu` [ RunTime:0.0004s ]
SQL: SELECT * FROM `ysk_gerenshangpu` WHERE `userid` = 8869 LIMIT 1   [ RunTime:0.0002s ]
SQL: SELECT * FROM `ysk_product_detail` WHERE `id` = 193 LIMIT 1   [ RunTime:0.0002s ]
SQL: SELECT * FROM `ysk_gerenshangpu` WHERE `userid` = 8869 LIMIT 1   [ RunTime:0.0002s ]
SQL: SELECT * FROM `ysk_product_detail` WHERE `id` = 192 LIMIT 1   [ RunTime:0.0002s ]
SQL: SELECT * FROM `ysk_gerenshangpu` WHERE `userid` = 8869 LIMIT 1   [ RunTime:0.0002s ]
SQL: SELECT * FROM `ysk_product_detail` WHERE `id` = 191 LIMIT 1   [ RunTime:0.0002s ]
SQL: SELECT * FROM `ysk_gerenshangpu` WHERE `userid` = 8869 LIMIT 1   [ RunTime:0.0002s ]
SQL: SELECT * FROM `ysk_product_detail` WHERE `id` = 190 LIMIT 1   [ RunTime:0.0002s ]
SQL: SELECT * FROM `ysk_gerenshangpu` WHERE `userid` = 8869 LIMIT 1   [ RunTime:0.0002s ]
SQL: SELECT * FROM `ysk_product_detail` WHERE `id` = 189 LIMIT 1   [ RunTime:0.0002s ]
SQL: SELECT * FROM `ysk_gerenshangpu` WHERE `userid` = 8869 LIMIT 1   [ RunTime:0.0002s ]
SQL: SELECT * FROM `ysk_product_detail` WHERE `id` = 188 LIMIT 1   [ RunTime:0.0002s ]
SQL: SELECT * FROM `ysk_gerenshangpu` WHERE `userid` = 8869 LIMIT 1   [ RunTime:0.0002s ]
SQL: SELECT * FROM `ysk_product_detail` WHERE `id` = 186 LIMIT 1   [ RunTime:0.0002s ]
SQL: SELECT * FROM `ysk_gerenshangpu` WHERE `userid` = 8869 LIMIT 1   [ RunTime:0.0002s ]
SQL: SELECT * FROM `ysk_product_detail` WHERE `id` = 187 LIMIT 1   [ RunTime:0.0002s ]
SQL: SELECT * FROM `ysk_gerenshangpu` WHERE `userid` = 8869 LIMIT 1   [ RunTime:0.0002s ]
SQL: SELECT * FROM `ysk_product_detail` WHERE `id` = 185 LIMIT 1   [ RunTime:0.0002s ]
SQL: SELECT * FROM `ysk_gerenshangpu` WHERE `userid` = 8869 LIMIT 1   [ RunTime:0.0002s ]
INFO: Run Behavior\ParseTemplateBehavior [ RunTime:0.009615s ]
INFO: [ view_parse ] --END-- [ RunTime:0.002135s ]
INFO: [ view_filter ] --START--
INFO: Run Behavior\WriteHtmlCacheBehavior [ RunTime:0.000006s ]
INFO: [ view_filter ] --END-- [ RunTime:-0.007396s ]
INFO: [ app_end ] --START--
INFO: Run Behavior\ShowPageTraceBehavior [ RunTime:0.000283s ]
INFO: [ app_end ] --END-- [ RunTime:0.000304s ]

[ 2018-07-28T23:37:27+08:00 ] 110.87.122.29 /nc.php?s=/Goods/index/p/2.html
INFO: [ app_init ] --START--
INFO: Run Behavior\BuildLiteBehavior [ RunTime:0.000009s ]
INFO: [ app_init ] --END-- [ RunTime:0.000042s ]
INFO: [ app_begin ] --START--
INFO: Run Behavior\ReadHtmlCacheBehavior [ RunTime:0.000273s ]
INFO: Run Common\Behavior\CheckLangBehavior [ RunTime:0.000630s ]
NOTIC: [8] Constant LANG_SET already defined /www/wwwroot/ypay.fanglao.vip/ThinkPHP/Library/Behavior/CheckLangBehavior.class.php 第 55 行.
INFO: Run Behavior\CheckLangBehavior [ RunTime:0.000580s ]
INFO: [ app_begin ] --END-- [ RunTime:0.001553s ]
SQL: SHOW COLUMNS FROM `ysk_goods` [ RunTime:0.0005s ]
SQL: SELECT pd.id,pd.type_id,pd.name,pd.price,pd.pic,pd.status,pd.shangjia,pd.stock,pd.ctime,pc.id as cid,pc.name as cname FROM ysk_product_detail pd,ysk_product_cate pc WHERE pd.type_id=pc.id and pd.is_duobao=1 [ RunTime:0.0004s ]
SQL: SELECT pd.id,pd.type_id,pd.name,pd.price,pd.pic,pd.status,pd.shangjia,pd.stock,pd.ctime,pc.id as cid,pc.name as cname FROM ysk_product_detail pd,ysk_product_cate pc WHERE pd.type_id=pc.id and pd.is_duobao=1 order by pd.status desc,pd.ctime desc LIMIT 10,10 [ RunTime:0.0003s ]
SQL: SHOW COLUMNS FROM `ysk_product_cate` [ RunTime:0.0003s ]
SQL: SELECT * FROM `ysk_product_cate`  [ RunTime:0.0002s ]
INFO: [ view_parse ] --START--
INFO: [ template_filter ] --START--
INFO: Run Behavior\ContentReplaceBehavior [ RunTime:0.000077s ]
INFO: [ template_filter ] --END-- [ RunTime:0.000108s ]
SQL: SHOW COLUMNS FROM `nc_menu` [ RunTime:0.0003s ]
SQL: SELECT * FROM `nc_menu` ORDER BY sort_order  [ RunTime:0.0002s ]
INFO: [ view_parse ] --START--
INFO: [ template_filter ] --START--
INFO: Run Behavior\ContentReplaceBehavior [ RunTime:0.000025s ]
INFO: [ template_filter ] --END-- [ RunTime:-0.003968s ]
INFO: Run Behavior\ParseTemplateBehavior [ RunTime:0.002183s ]
INFO: [ view_parse ] --END-- [ RunTime:0.002212s ]
INFO: [ view_filter ] --START--
INFO: Run Behavior\WriteHtmlCacheBehavior [ RunTime:0.000091s ]
INFO: [ view_filter ] --END-- [ RunTime:0.000110s ]
SQL: SHOW COLUMNS FROM `ysk_product_detail` [ RunTime:0.0004s ]
SQL: SELECT * FROM `ysk_product_detail` WHERE `id` = 194 LIMIT 1   [ RunTime:0.0002s ]
SQL: SHOW COLUMNS FROM `ysk_gerenshangpu` [ RunTime:0.0003s ]
SQL: SELECT * FROM `ysk_gerenshangpu` WHERE `userid` = 8869 LIMIT 1   [ RunTime:0.0002s ]
SQL: SELECT * FROM `ysk_product_detail` WHERE `id` = 193 LIMIT 1   [ RunTime:0.0002s ]
SQL: SELECT * FROM `ysk_gerenshangpu` WHERE `userid` = 8869 LIMIT 1   [ RunTime:0.0002s ]
SQL: SELECT * FROM `ysk_product_detail` WHERE `id` = 192 LIMIT 1   [ RunTime:0.0002s ]
SQL: SELECT * FROM `ysk_gerenshangpu` WHERE `userid` = 8869 LIMIT 1   [ RunTime:0.0001s ]
SQL: SELECT * FROM `ysk_product_detail` WHERE `id` = 191 LIMIT 1   [ RunTime:0.0001s ]
SQL: SELECT * FROM `ysk_gerenshangpu` WHERE `userid` = 8869 LIMIT 1   [ RunTime:0.0001s ]
SQL: SELECT * FROM `ysk_product_detail` WHERE `id` = 190 LIMIT 1   [ RunTime:0.0001s ]
SQL: SELECT * FROM `ysk_gerenshangpu` WHERE `userid` = 8869 LIMIT 1   [ RunTime:0.0001s ]
SQL: SELECT * FROM `ysk_product_detail` WHERE `id` = 189 LIMIT 1   [ RunTime:0.0001s ]
SQL: SELECT * FROM `ysk_gerenshangpu` WHERE `userid` = 8869 LIMIT 1   [ RunTime:0.0001s ]
SQL: SELECT * FROM `ysk_product_detail` WHERE `id` = 188 LIMIT 1   [ RunTime:0.0002s ]
SQL: SELECT * FROM `ysk_gerenshangpu` WHERE `userid` = 8869 LIMIT 1   [ RunTime:0.0001s ]
SQL: SELECT * FROM `ysk_product_detail` WHERE `id` = 186 LIMIT 1   [ RunTime:0.0001s ]
SQL: SELECT * FROM `ysk_gerenshangpu` WHERE `userid` = 8869 LIMIT 1   [ RunTime:0.0001s ]
SQL: SELECT * FROM `ysk_product_detail` WHERE `id` = 187 LIMIT 1   [ RunTime:0.0002s ]
SQL: SELECT * FROM `ysk_gerenshangpu` WHERE `userid` = 8869 LIMIT 1   [ RunTime:0.0001s ]
SQL: SELECT * FROM `ysk_product_detail` WHERE `id` = 185 LIMIT 1   [ RunTime:0.0001s ]
SQL: SELECT * FROM `ysk_gerenshangpu` WHERE `userid` = 8869 LIMIT 1   [ RunTime:0.0001s ]
INFO: Run Behavior\ParseTemplateBehavior [ RunTime:0.008551s ]
INFO: [ view_parse ] --END-- [ RunTime:0.002212s ]
INFO: [ view_filter ] --START--
INFO: Run Behavior\WriteHtmlCacheBehavior [ RunTime:0.000006s ]
INFO: [ view_filter ] --END-- [ RunTime:-0.006252s ]
INFO: [ app_end ] --START--
INFO: Run Behavior\ShowPageTraceBehavior [ RunTime:0.000315s ]
INFO: [ app_end ] --END-- [ RunTime:0.000339s ]

[ 2018-07-28T23:37:30+08:00 ] 110.87.122.29 /nc.php?s=/Goods/index/p/3.html
INFO: [ app_init ] --START--
INFO: Run Behavior\BuildLiteBehavior [ RunTime:0.000008s ]
INFO: [ app_init ] --END-- [ RunTime:0.000040s ]
INFO: [ app_begin ] --START--
INFO: Run Behavior\ReadHtmlCacheBehavior [ RunTime:0.000275s ]
INFO: Run Common\Behavior\CheckLangBehavior [ RunTime:0.000620s ]
NOTIC: [8] Constant LANG_SET already defined /www/wwwroot/ypay.fanglao.vip/ThinkPHP/Library/Behavior/CheckLangBehavior.class.php 第 55 行.
INFO: Run Behavior\CheckLangBehavior [ RunTime:0.000565s ]
INFO: [ app_begin ] --END-- [ RunTime:0.001549s ]
SQL: SHOW COLUMNS FROM `ysk_goods` [ RunTime:0.0005s ]
SQL: SELECT pd.id,pd.type_id,pd.name,pd.price,pd.pic,pd.status,pd.shangjia,pd.stock,pd.ctime,pc.id as cid,pc.name as cname FROM ysk_product_detail pd,ysk_product_cate pc WHERE pd.type_id=pc.id and pd.is_duobao=1 [ RunTime:0.0004s ]
SQL: SELECT pd.id,pd.type_id,pd.name,pd.price,pd.pic,pd.status,pd.shangjia,pd.stock,pd.ctime,pc.id as cid,pc.name as cname FROM ysk_product_detail pd,ysk_product_cate pc WHERE pd.type_id=pc.id and pd.is_duobao=1 order by pd.status desc,pd.ctime desc LIMIT 20,10 [ RunTime:0.0003s ]
SQL: SHOW COLUMNS FROM `ysk_product_cate` [ RunTime:0.0003s ]
SQL: SELECT * FROM `ysk_product_cate`  [ RunTime:0.0002s ]
INFO: [ view_parse ] --START--
INFO: [ template_filter ] --START--
INFO: Run Behavior\ContentReplaceBehavior [ RunTime:0.000067s ]
INFO: [ template_filter ] --END-- [ RunTime:0.000097s ]
SQL: SHOW COLUMNS FROM `nc_menu` [ RunTime:0.0003s ]
SQL: SELECT * FROM `nc_menu` ORDER BY sort_order  [ RunTime:0.0002s ]
INFO: [ view_parse ] --START--
INFO: [ template_filter ] --START--
INFO: Run Behavior\ContentReplaceBehavior [ RunTime:0.000026s ]
INFO: [ template_filter ] --END-- [ RunTime:-0.003830s ]
INFO: Run Behavior\ParseTemplateBehavior [ RunTime:0.002174s ]
INFO: [ view_parse ] --END-- [ RunTime:0.002203s ]
INFO: [ view_filter ] --START--
INFO: Run Behavior\WriteHtmlCacheBehavior [ RunTime:0.000087s ]
INFO: [ view_filter ] --END-- [ RunTime:0.000106s ]
SQL: SHOW COLUMNS FROM `ysk_product_detail` [ RunTime:0.0004s ]
SQL: SELECT * FROM `ysk_product_detail` WHERE `id` = 183 LIMIT 1   [ RunTime:0.0002s ]
SQL: SHOW COLUMNS FROM `ysk_gerenshangpu` [ RunTime:0.0003s ]
SQL: SELECT * FROM `ysk_gerenshangpu` WHERE `userid` = 8876 LIMIT 1   [ RunTime:0.0001s ]
SQL: SELECT * FROM `ysk_product_detail` WHERE `id` = 182 LIMIT 1   [ RunTime:0.0002s ]
SQL: SELECT * FROM `ysk_gerenshangpu` WHERE `userid` = 8892 LIMIT 1   [ RunTime:0.0001s ]
INFO: Run Behavior\ParseTemplateBehavior [ RunTime:0.004488s ]
INFO: [ view_parse ] --END-- [ RunTime:0.002203s ]
INFO: [ view_filter ] --START--
INFO: Run Behavior\WriteHtmlCacheBehavior [ RunTime:0.000006s ]
INFO: [ view_filter ] --END-- [ RunTime:-0.002200s ]
INFO: [ app_end ] --START--
INFO: Run Behavior\ShowPageTraceBehavior [ RunTime:0.000288s ]
INFO: [ app_end ] --END-- [ RunTime:0.000311s ]

[ 2018-07-28T23:37:31+08:00 ] 110.87.122.29 /nc.php?s=/Goods/index/p/3.html
INFO: [ app_init ] --START--
INFO: Run Behavior\BuildLiteBehavior [ RunTime:0.000009s ]
INFO: [ app_init ] --END-- [ RunTime:0.000042s ]
INFO: [ app_begin ] --START--
INFO: Run Behavior\ReadHtmlCacheBehavior [ RunTime:0.000304s ]
INFO: Run Common\Behavior\CheckLangBehavior [ RunTime:0.000630s ]
NOTIC: [8] Constant LANG_SET already defined /www/wwwroot/ypay.fanglao.vip/ThinkPHP/Library/Behavior/CheckLangBehavior.class.php 第 55 行.
INFO: Run Behavior\CheckLangBehavior [ RunTime:0.000622s ]
INFO: [ app_begin ] --END-- [ RunTime:0.001628s ]
SQL: SHOW COLUMNS FROM `ysk_goods` [ RunTime:0.0006s ]
SQL: SELECT pd.id,pd.type_id,pd.name,pd.price,pd.pic,pd.status,pd.shangjia,pd.stock,pd.ctime,pc.id as cid,pc.name as cname FROM ysk_product_detail pd,ysk_product_cate pc WHERE pd.type_id=pc.id and pd.is_duobao=1 [ RunTime:0.0004s ]
SQL: SELECT pd.id,pd.type_id,pd.name,pd.price,pd.pic,pd.status,pd.shangjia,pd.stock,pd.ctime,pc.id as cid,pc.name as cname FROM ysk_product_detail pd,ysk_product_cate pc WHERE pd.type_id=pc.id and pd.is_duobao=1 order by pd.status desc,pd.ctime desc LIMIT 20,10 [ RunTime:0.0003s ]
SQL: SHOW COLUMNS FROM `ysk_product_cate` [ RunTime:0.0004s ]
SQL: SELECT * FROM `ysk_product_cate`  [ RunTime:0.0002s ]
INFO: [ view_parse ] --START--
INFO: [ template_filter ] --START--
INFO: Run Behavior\ContentReplaceBehavior [ RunTime:0.000065s ]
INFO: [ template_filter ] --END-- [ RunTime:0.000093s ]
SQL: SHOW COLUMNS FROM `nc_menu` [ RunTime:0.0004s ]
SQL: SELECT * FROM `nc_menu` ORDER BY sort_order  [ RunTime:0.0002s ]
INFO: [ view_parse ] --START--
INFO: [ template_filter ] --START--
INFO: Run Behavior\ContentReplaceBehavior [ RunTime:0.000026s ]
INFO: [ template_filter ] --END-- [ RunTime:-0.003960s ]
INFO: Run Behavior\ParseTemplateBehavior [ RunTime:0.002119s ]
INFO: [ view_parse ] --END-- [ RunTime:0.002148s ]
INFO: [ view_filter ] --START--
INFO: Run Behavior\WriteHtmlCacheBehavior [ RunTime:0.000097s ]
INFO: [ view_filter ] --END-- [ RunTime:0.000116s ]
SQL: SHOW COLUMNS FROM `ysk_product_detail` [ RunTime:0.0005s ]
SQL: SELECT * FROM `ysk_product_detail` WHERE `id` = 183 LIMIT 1   [ RunTime:0.0002s ]
SQL: SHOW COLUMNS FROM `ysk_gerenshangpu` [ RunTime:0.0004s ]
SQL: SELECT * FROM `ysk_gerenshangpu` WHERE `userid` = 8876 LIMIT 1   [ RunTime:0.0002s ]
SQL: SELECT * FROM `ysk_product_detail` WHERE `id` = 182 LIMIT 1   [ RunTime:0.0002s ]
SQL: SELECT * FROM `ysk_gerenshangpu` WHERE `userid` = 8892 LIMIT 1   [ RunTime:0.0002s ]
INFO: Run Behavior\ParseTemplateBehavior [ RunTime:0.004815s ]
INFO: [ view_parse ] --END-- [ RunTime:0.002148s ]
INFO: [ view_filter ] --START--
INFO: Run Behavior\WriteHtmlCacheBehavior [ RunTime:0.000006s ]
INFO: [ view_filter ] --END-- [ RunTime:-0.002573s ]
INFO: [ app_end ] --START--
INFO: Run Behavior\ShowPageTraceBehavior [ RunTime:0.000279s ]
INFO: [ app_end ] --END-- [ RunTime:0.000301s ]

